#
# There is insufficient memory for the Java Runtime Environment to continue.
# Native memory allocation (mmap) failed to map 264241152 bytes for G1 virtual space
# Possible reasons:
#   The system is out of physical RAM or swap space
#   The process is running with CompressedOops enabled, and the Java Heap may be blocking the growth of the native heap
# Possible solutions:
#   Reduce memory load on the system
#   Increase physical memory or swap space
#   Check if swap backing store is full
#   Decrease Java heap size (-Xmx/-Xms)
#   Decrease number of Java threads
#   Decrease Java thread stack sizes (-Xss)
#   Set larger code cache with -XX:ReservedCodeCacheSize=
#   JVM is running with Zero Based Compressed Oops mode in which the Java heap is
#     placed in the first 32GB address space. The Java Heap base address is the
#     maximum limit for the native heap growth. Please use -XX:HeapBaseMinAddress
#     to set the Java Heap base and to place the Java Heap above 32GB virtual address.
# This output file may be truncated or incomplete.
#
#  Out of Memory Error (os_windows.cpp:3469), pid=32708, tid=20768
#
# JRE version:  (17.0+35) (build )
# Java VM: OpenJDK 64-Bit Server VM (17+35-2724, mixed mode, sharing, tiered, compressed oops, compressed class ptrs, g1 gc, windows-amd64)
# No core dump will be written. Minidumps are not enabled by default on client versions of Windows
#

---------------  S U M M A R Y ------------

Command Line: -Dfile.encoding=UTF-8 -Duser.country=KR -Duser.language=ko -Duser.variant org.example.day2.control.牢扁捧钎

Host: 11th Gen Intel(R) Core(TM) i5-1135G7 @ 2.40GHz, 8 cores, 15G,  Windows 10 , 64 bit Build 19041 (10.0.19041.4842)
Time: Thu Sep 26 15:50:27 2024  Windows 10 , 64 bit Build 19041 (10.0.19041.4842) elapsed time: 0.012657 seconds (0d 0h 0m 0s)

---------------  T H R E A D  ---------------

Current thread (0x000001b8ec15a130):  JavaThread "Unknown thread" [_thread_in_vm, id=20768, stack(0x0000006c72b00000,0x0000006c72c00000)]

Stack: [0x0000006c72b00000,0x0000006c72c00000]
Native frames: (J=compiled Java code, j=interpreted, Vv=VM code, C=native code)
V  [jvm.dll+0x66f8ea]
V  [jvm.dll+0x7ce224]
V  [jvm.dll+0x7cf9ce]
V  [jvm.dll+0x7d0033]
V  [jvm.dll+0x242bb5]
V  [jvm.dll+0x66c909]
V  [jvm.dll+0x6613d2]
V  [jvm.dll+0x30082b]
V  [jvm.dll+0x307db6]
V  [jvm.dll+0x357a0e]
V  [jvm.dll+0x357c3f]
V  [jvm.dll+0x2d7ae8]
V  [jvm.dll+0x2d8a54]
V  [jvm.dll+0x7a00a1]
V  [jvm.dll+0x365781]
V  [jvm.dll+0x77f59c]
V  [jvm.dll+0x3e805f]
V  [jvm.dll+0x3e9b01]
C  [jli.dll+0x527b]
C  [ucrtbase.dll+0x21bb2]
C  [KERNEL32.DLL+0x17374]
C  [ntdll.dll+0x4cc91]


---------------  P R O C E S S  ---------------

Threads class SMR info:
_java_thread_list=0x00007ff872b77818, length=0, elements={
}

Java Threads: ( => current thread )

Other Threads:
  0x000001b8ec1a9370 GCTaskThread "GC Thread#0" [stack: 0x0000006c72c00000,0x0000006c72d00000] [id=24908]
  0x000001b8ec1b9f40 ConcurrentGCThread "G1 Main Marker" [stack: 0x0000006c72d00000,0x0000006c72e00000] [id=32684]
  0x000001b8ec1bc100 ConcurrentGCThread "G1 Conc#0" [stack: 0x0000006c72e00000,0x0000006c72f00000] [id=5276]

[error occurred during error reporting (printing all threads), id 0xc0000005, EXCEPTION_ACCESS_VIOLATION (0xc0000005) at pc=0x00007ff8723c84c7]

VM state: not at safepoint (not fully initialized)

VM Mutex/Monitor currently owned by a thread:  ([mutex/lock_event])
[0x000001b8ec1545f0] Heap_lock - owner thread: 0x000001b8ec15a130

Heap address: 0x0000000704400000, size: 4028 MB, Compressed Oops mode: Zero based, Oop shift amount: 3

CDS archive(s) mapped at: [0x0000000000000000-0x0000000000000000-0x0000000000000000), size 0, SharedBaseAddress: 0x0000000800000000, ArchiveRelocationMode: 0.
Narrow klass base: 0x0000000000000000, Narrow klass shift: 0, Narrow klass range: 0x0

GC Precious Log:
<Empty>

Heap:
 garbage-first heap   total 0K, used 0K [0x0000000704400000, 0x0000000800000000)
  region size 2048K, 0 young (0K), 0 survivors (0K)

[error occurred during error reporting (printing heap information), id 0xc0000005, EXCEPTION_ACCESS_VIOLATION (0xc0000005) at pc=0x00007ff8727a8c59]

GC Heap History (0 events):
No events

Deoptimization events (0 events):
No events

Classes unloaded (0 events):
No events

Classes redefined (0 events):
No events

Internal exceptions (0 events):
No events

VM Operations (0 events):
No events

Events (1 events):
Event: 0.008 Loaded shared library C:\jdk-17\bin\java.dll


Dynamic libraries:
0x00007ff7d1a30000 - 0x00007ff7d1a3e000 	C:\jdk-17\bin\java.exe
0x00007ff8d2310000 - 0x00007ff8d2508000 	C:\Windows\SYSTEM32\ntdll.dll
0x00007ff896230000 - 0x00007ff89624a000 	C:\Program Files\Avast Software\Avast\aswhook.dll
0x00007ff8d0340000 - 0x00007ff8d0401000 	C:\Windows\System32\KERNEL32.DLL
0x00007ff8cfe60000 - 0x00007ff8d015d000 	C:\Windows\System32\KERNELBASE.dll
0x00007ff8cf9c0000 - 0x00007ff8cfac0000 	C:\Windows\System32\ucrtbase.dll
0x00007ff8bff60000 - 0x00007ff8bff78000 	C:\jdk-17\bin\jli.dll
0x00007ff8bbba0000 - 0x00007ff8bbbba000 	C:\jdk-17\bin\VCRUNTIME140.dll
0x00007ff8d1e30000 - 0x00007ff8d1fcd000 	C:\Windows\System32\USER32.dll
0x00007ff8d0160000 - 0x00007ff8d0182000 	C:\Windows\System32\win32u.dll
0x00007ff8d0490000 - 0x00007ff8d04bb000 	C:\Windows\System32\GDI32.dll
0x00007ff8bb8e0000 - 0x00007ff8bbb7a000 	C:\Windows\WinSxS\amd64_microsoft.windows.common-controls_6595b64144ccf1df_6.0.19041.4355_none_60b8b9eb71f62e16\COMCTL32.dll
0x00007ff8cfb30000 - 0x00007ff8cfc47000 	C:\Windows\System32\gdi32full.dll
0x00007ff8d0680000 - 0x00007ff8d071e000 	C:\Windows\System32\msvcrt.dll
0x00007ff8d0220000 - 0x00007ff8d02bd000 	C:\Windows\System32\msvcp_win.dll
0x00007ff8d1af0000 - 0x00007ff8d1b1f000 	C:\Windows\System32\IMM32.DLL
0x00007ff8c8640000 - 0x00007ff8c864c000 	C:\jdk-17\bin\vcruntime140_1.dll
0x00007ff894c70000 - 0x00007ff894cfd000 	C:\jdk-17\bin\msvcp140.dll
0x00007ff8720e0000 - 0x00007ff872c9e000 	C:\jdk-17\bin\server\jvm.dll
0x00007ff8d04c0000 - 0x00007ff8d0570000 	C:\Windows\System32\ADVAPI32.dll
0x00007ff8d0570000 - 0x00007ff8d0610000 	C:\Windows\System32\sechost.dll
0x00007ff8d0ef0000 - 0x00007ff8d1013000 	C:\Windows\System32\RPCRT4.dll
0x00007ff8d0310000 - 0x00007ff8d0337000 	C:\Windows\System32\bcrypt.dll
0x00007ff8d1fd0000 - 0x00007ff8d1fd8000 	C:\Windows\System32\PSAPI.DLL
0x00007ff8b78f0000 - 0x00007ff8b78f9000 	C:\Windows\SYSTEM32\WSOCK32.dll
0x00007ff8c7a50000 - 0x00007ff8c7a5a000 	C:\Windows\SYSTEM32\VERSION.dll
0x00007ff8d11f0000 - 0x00007ff8d125b000 	C:\Windows\System32\WS2_32.dll
0x00007ff8c6960000 - 0x00007ff8c6987000 	C:\Windows\SYSTEM32\WINMM.dll
0x00007ff8cd6f0000 - 0x00007ff8cd702000 	C:\Windows\SYSTEM32\kernel.appcore.dll
0x00007ff8c7730000 - 0x00007ff8c773a000 	C:\jdk-17\bin\jimage.dll
0x00007ff8cd250000 - 0x00007ff8cd434000 	C:\Windows\SYSTEM32\DBGHELP.DLL
0x00007ff8c67d0000 - 0x00007ff8c6804000 	C:\Windows\SYSTEM32\dbgcore.DLL
0x00007ff8d0190000 - 0x00007ff8d0212000 	C:\Windows\System32\bcryptPrimitives.dll
0x00007ff8ba880000 - 0x00007ff8ba8a5000 	C:\jdk-17\bin\java.dll

dbghelp: loaded successfully - version: 4.0.5 - missing functions: none
symbol engine: initialized successfully - sym options: 0x614 - pdb path: .;C:\jdk-17\bin;C:\Windows\SYSTEM32;C:\Program Files\Avast Software\Avast;C:\Windows\WinSxS\amd64_microsoft.windows.common-controls_6595b64144ccf1df_6.0.19041.4355_none_60b8b9eb71f62e16;C:\jdk-17\bin\server

VM Arguments:
jvm_args: -Dfile.encoding=UTF-8 -Duser.country=KR -Duser.language=ko -Duser.variant 
java_command: org.example.day2.control.牢扁捧钎
java_class_path (initial): C:\new_java\start1\build\classes\java\main;C:\new_java\start1\build\resources\main
Launcher Type: SUN_STANDARD

[Global flags]
     intx CICompilerCount                          = 4                                         {product} {ergonomic}
     uint ConcGCThreads                            = 2                                         {product} {ergonomic}
     uint G1ConcRefinementThreads                  = 8                                         {product} {ergonomic}
   size_t G1HeapRegionSize                         = 2097152                                   {product} {ergonomic}
    uintx GCDrainStackTargetSize                   = 64                                        {product} {ergonomic}
   size_t InitialHeapSize                          = 264241152                                 {product} {ergonomic}
   size_t MarkStackSize                            = 4194304                                   {product} {ergonomic}
   size_t MaxHeapSize                              = 4223664128                                {product} {ergonomic}
   size_t MinHeapDeltaBytes                        = 2097152                                   {product} {ergonomic}
   size_t MinHeapSize                              = 8388608                                   {product} {ergonomic}
    uintx NonNMethodCodeHeapSize                   = 5839372                                {pd product} {ergonomic}
    uintx NonProfiledCodeHeapSize                  = 122909434                              {pd product} {ergonomic}
    uintx ProfiledCodeHeapSize                     = 122909434                              {pd product} {ergonomic}
    uintx ReservedCodeCacheSize                    = 251658240                              {pd product} {ergonomic}
     bool SegmentedCodeCache                       = true                                      {product} {ergonomic}
   size_t SoftMaxHeapSize                          = 4223664128                             {manageable} {ergonomic}
     bool UseCompressedClassPointers               = true                           {product lp64_product} {ergonomic}
     bool UseCompressedOops                        = true                           {product lp64_product} {ergonomic}
     bool UseG1GC                                  = true                                      {product} {ergonomic}
     bool UseLargePagesIndividualAllocation        = false                                  {pd product} {ergonomic}

Logging:
Log output configuration:
 #0: stdout all=warning uptime,level,tags
 #1: stderr all=off uptime,level,tags

Environment Variables:
JAVA_HOME=C:\jdk-17
PATH=C:\Program Files\Common Files\Oracle\Java\javapath;C:\Windows\system32;C:\Windows;C:\Windows\System32\Wbem;C:\Windows\System32\WindowsPowerShell\v1.0\;C:\Windows\System32\OpenSSH\;C:\Program Files\PuTTY\;C:\Program Files\Microsoft SQL Server\Client SDK\ODBC\170\Tools\Binn\;c:\Program Files (x86)\Microsoft SQL Server\100\Tools\Binn\;c:\Program Files\Microsoft SQL Server\100\Tools\Binn\;c:\Program Files\Microsoft SQL Server\100\DTS\Binn\;C:\Program Files\MySQL\MySQL Server 8.0\bin;C:\Program Files\MATLAB\R2022b\bin;C:\MinGW\bin;C:\Program Files\Microsoft SQL Server\150\Tools\Binn\;C:\Program Files\dotnet\;C:\Program Files\Git\cmd;C:\Users\辫林老\AppData\Local\Microsoft\WindowsApps;C:\Users\辫林老\AppData\Local\Programs\Microsoft VS Code\bin;C:\Program Files\Azure Data Studio\bin;C:\Users\辫林老\AppData\Local\GitHubDesktop\bin;C:\Users\辫林老\.dotnet\tools;C:\Program Files\JetBrains\IntelliJ IDEA 2024.2.2\bin;
USERNAME=辫林老
OS=Windows_NT
PROCESSOR_IDENTIFIER=Intel64 Family 6 Model 140 Stepping 1, GenuineIntel



---------------  S Y S T E M  ---------------

OS:
 Windows 10 , 64 bit Build 19041 (10.0.19041.4842)
OS uptime: 2 days 1:42 hours
Hyper-V role detected

CPU: total 8 (initial active 8) (4 cores per cpu, 2 threads per core) family 6 model 140 stepping 1 microcode 0x9a, cx8, cmov, fxsr, ht, mmx, 3dnowpref, sse, sse2, sse3, ssse3, sse4.1, sse4.2, popcnt, lzcnt, tsc, tscinvbit, avx, avx2, aes, erms, clmul, bmi1, bmi2, adx, avx512f, avx512dq, avx512cd, avx512bw, avx512vl, sha, fma, vzeroupper, avx512_vpopcntdq, avx512_vpclmulqdq, avx512_vaes, avx512_vnni, clflush, clflushopt, clwb, avx512_vbmi2, avx512_vbmi, hv

Memory: 4k page, system-wide physical 16108M (4571M free)
TotalPageFile size 18030M (AvailPageFile size 94M)
current process WorkingSet (physical memory assigned to process): 10M, peak: 10M
current process commit charge ("private bytes"): 60M, peak: 312M

vm_info: OpenJDK 64-Bit Server VM (17+35-2724) for windows-amd64 JRE (17+35-2724), built on Aug  5 2021 23:26:02 by "mach5one" with MS VC++ 16.8 (VS2019)

END.
